<?xml version="1.0" encoding="UTF-8"?>
<!-- Generated by org.testng.reporters.JUnitReportReporter -->
<testsuite hostname="SOLID_SOUND-PC" failures="0" tests="1" name="TestClassForJavaDemo" time="0.004" errors="0" timestamp="2022-06-11T14:36:36 EEST" skipped="0">
  <testcase classname="TestClassForJavaDemo" name="doIt" time="0.004"/>
  <system-out/>
</testsuite> <!-- TestClassForJavaDemo -->
